<?xml version="1.0" encoding="UTF-8"?>
<testsuite xmlns:xsi="http://www.w3.org/2001/XMLSchema-instance" xsi:noNamespaceSchemaLocation="https://maven.apache.org/surefire/maven-surefire-plugin/xsd/surefire-test-report-3.0.xsd" version="3.0" name="com.proyecto.Aula.AulaApplicationTests" time="49.65" tests="1" errors="0" skipped="0" failures="0">
  <properties>
[...]
</properties>
  <testcase name="contextLoads" classname="com.proyecto.Aula.AulaApplicationTests" time="2.101">
    <system-out><![CDATA[13:59:44.541 [main] INFO org.springframework.test.context.support.AnnotationConfigContextLoaderUtils -- Could not detect default configuration classes for test class [com.proyecto.Aula.AulaApplicationTests]: AulaApplicationTests does not declare any static, non-private, non-final, nested classes annotated with @Configuration.
13:59:44.799 [main] INFO org.springframework.boot.test.context.SpringBootTestContextBootstrapper -- Found @SpringBootConfiguration com.proyecto.Aula.AulaApplication for test class com.proyecto.Aula.AulaApplicationTests
13:59:45.301 [main] INFO org.springframework.boot.devtools.restart.RestartApplicationListener -- Restart disabled due to context in which it is running
  .   ____          _            __ _ _
 /\\ / ___'_ __ _ _(_)_ __  __ _ \ \ \ \
( ( )\___ | '_ | '_| | '_ \/ _` | \ \ \ \
 \\/  ___)| |_)| | | | | || (_| |  ) ) ) )
  '  |____| .__|_| |_|_| |_\__, | / / / /
 =========|_|==============|___/=/_/_/_/

 :: Spring Boot ::                (v3.3.0)

2024-07-04T13:59:46.344-05:00  INFO 31832 --- [           main] com.proyecto.Aula.AulaApplicationTests   : Starting AulaApplicationTests using Java 22 with PID 31832 (started by Usuario in C:\Users\Usuario\Desktop\Nueva carpeta\back\ProyectoBack)
2024-07-04T13:59:46.348-05:00  INFO 31832 --- [           main] com.proyecto.Aula.AulaApplicationTests   : No active profile set, falling back to 1 default profile: "default"
2024-07-04T13:59:48.457-05:00  INFO 31832 --- [           main] .s.d.r.c.RepositoryConfigurationDelegate : Bootstrapping Spring Data JPA repositories in DEFAULT mode.
2024-07-04T13:59:48.666-05:00  INFO 31832 --- [           main] .s.d.r.c.RepositoryConfigurationDelegate : Finished Spring Data repository scanning in 190 ms. Found 8 JPA repository interfaces.
2024-07-04T13:59:49.952-05:00  INFO 31832 --- [           main] com.zaxxer.hikari.HikariDataSource       : HikariPool-1 - Starting...
2024-07-04T13:59:53.194-05:00  INFO 31832 --- [           main] com.zaxxer.hikari.pool.HikariPool        : HikariPool-1 - Added connection com.mysql.cj.jdbc.ConnectionImpl@5e2a6991
2024-07-04T13:59:53.211-05:00  INFO 31832 --- [           main] com.zaxxer.hikari.HikariDataSource       : HikariPool-1 - Start completed.
2024-07-04T13:59:53.756-05:00  INFO 31832 --- [           main] o.hibernate.jpa.internal.util.LogHelper  : HHH000204: Processing PersistenceUnitInfo [name: default]
2024-07-04T13:59:54.047-05:00  INFO 31832 --- [           main] org.hibernate.Version                    : HHH000412: Hibernate ORM core version 6.5.2.Final
2024-07-04T13:59:54.203-05:00  INFO 31832 --- [           main] o.h.c.internal.RegionFactoryInitiator    : HHH000026: Second-level cache disabled
2024-07-04T13:59:55.753-05:00  INFO 31832 --- [           main] o.s.o.j.p.SpringPersistenceUnitInfo      : No LoadTimeWeaver setup: ignoring JPA class transformer
2024-07-04T14:00:00.040-05:00  INFO 31832 --- [           main] o.h.e.t.j.p.i.JtaPlatformInitiator       : HHH000489: No JTA platform available (set 'hibernate.transaction.jta.platform' to enable JTA platform integration)
2024-07-04T14:00:25.618-05:00  INFO 31832 --- [           main] j.LocalContainerEntityManagerFactoryBean : Initialized JPA EntityManagerFactory for persistence unit 'default'
2024-07-04T14:00:27.170-05:00  INFO 31832 --- [           main] eAuthenticationProviderManagerConfigurer : Global AuthenticationManager configured with AuthenticationProvider bean with name authenticationProvider
2024-07-04T14:00:27.172-05:00  WARN 31832 --- [           main] r$InitializeUserDetailsManagerConfigurer : Global AuthenticationManager configured with an AuthenticationProvider bean. UserDetailsService beans will not be used for username/password login. Consider removing the AuthenticationProvider bean. Alternatively, consider using the UserDetailsService in a manually instantiated DaoAuthenticationProvider.
2024-07-04T14:00:28.063-05:00  WARN 31832 --- [           main] JpaBaseConfiguration$JpaWebConfiguration : spring.jpa.open-in-view is enabled by default. Therefore, database queries may be performed during view rendering. Explicitly configure spring.jpa.open-in-view to disable this warning
2024-07-04T14:00:29.835-05:00  INFO 31832 --- [           main] o.s.s.web.DefaultSecurityFilterChain     : Will secure any request with [org.springframework.security.web.session.DisableEncodeUrlFilter@7441edeb, org.springframework.security.web.context.request.async.WebAsyncManagerIntegrationFilter@58df431e, org.springframework.security.web.context.SecurityContextHolderFilter@1d4b0a07, org.springframework.security.web.header.HeaderWriterFilter@16bbb59c, org.springframework.web.filter.CorsFilter@5834fd3f, org.springframework.security.web.authentication.logout.LogoutFilter@3d273300, com.proyecto.Aula.Config.JwtFilter@73d7e7aa, org.springframework.security.web.savedrequest.RequestCacheAwareFilter@68fec965, org.springframework.security.web.servletapi.SecurityContextHolderAwareRequestFilter@2605433, org.springframework.security.web.authentication.AnonymousAuthenticationFilter@4446e1d9, org.springframework.security.web.session.SessionManagementFilter@5d4af473, org.springframework.security.web.access.ExceptionTranslationFilter@1b4bc7b9, org.springframework.security.web.access.intercept.AuthorizationFilter@365eaef]
2024-07-04T14:00:31.257-05:00  INFO 31832 --- [           main] org.quartz.impl.StdSchedulerFactory      : Using default implementation for ThreadExecutor
2024-07-04T14:00:31.292-05:00  INFO 31832 --- [           main] org.quartz.core.SchedulerSignalerImpl    : Initialized Scheduler Signaller of type: class org.quartz.core.SchedulerSignalerImpl
2024-07-04T14:00:31.292-05:00  INFO 31832 --- [           main] org.quartz.core.QuartzScheduler          : Quartz Scheduler v.2.3.2 created.
2024-07-04T14:00:31.295-05:00  INFO 31832 --- [           main] org.quartz.simpl.RAMJobStore             : RAMJobStore initialized.
2024-07-04T14:00:31.300-05:00  INFO 31832 --- [           main] org.quartz.core.QuartzScheduler          : Scheduler meta-data: Quartz Scheduler (v2.3.2) 'quartzScheduler' with instanceId 'NON_CLUSTERED'
  Scheduler class: 'org.quartz.core.QuartzScheduler' - running locally.
  NOT STARTED.
  Currently in standby mode.
  Number of jobs executed: 0
  Using thread pool 'org.quartz.simpl.SimpleThreadPool' - with 10 threads.
  Using job-store 'org.quartz.simpl.RAMJobStore' - which does not support persistence. and is not clustered.

2024-07-04T14:00:31.304-05:00  INFO 31832 --- [           main] org.quartz.impl.StdSchedulerFactory      : Quartz scheduler 'quartzScheduler' initialized from an externally provided properties instance.
2024-07-04T14:00:31.304-05:00  INFO 31832 --- [           main] org.quartz.impl.StdSchedulerFactory      : Quartz scheduler version: 2.3.2
2024-07-04T14:00:31.305-05:00  INFO 31832 --- [           main] org.quartz.core.QuartzScheduler          : JobFactory set to: org.springframework.scheduling.quartz.SpringBeanJobFactory@52c919f3
2024-07-04T14:00:31.436-05:00  INFO 31832 --- [           main] o.s.s.quartz.SchedulerFactoryBean        : Starting Quartz Scheduler now
2024-07-04T14:00:31.436-05:00  INFO 31832 --- [           main] org.quartz.core.QuartzScheduler          : Scheduler quartzScheduler_$_NON_CLUSTERED started.
2024-07-04T14:00:31.480-05:00  INFO 31832 --- [           main] com.proyecto.Aula.AulaApplicationTests   : Started AulaApplicationTests in 46.221 seconds (process running for 48.915)
Hibernate: select u1_0.id,u1_0.id_dependencia,u1_0.correo_persona,u1_0.fecha_registro,u1_0.numero_identificacion_persona,u1_0.id_tipo_identificacion,u1_0.apellido_persona,u1_0.nombre_persona,u1_0.contraseña,u1_0.id_tipo_persona,u1_0.rol,u1_0.estado_usuario,u1_0.usuario from usuarios u1_0 where u1_0.estado_usuario=? and u1_0.fecha_registro=?
]]></system-out>
    <system-err><![CDATA[WARNING: A Java agent has been loaded dynamically (C:\Users\Usuario\.m2\repository\net\bytebuddy\byte-buddy-agent\1.14.16\byte-buddy-agent-1.14.16.jar)
WARNING: If a serviceability tool is in use, please run with -XX:+EnableDynamicAgentLoading to hide this warning
WARNING: If a serviceability tool is not in use, please run with -Djdk.instrument.traceUsage for more information
WARNING: Dynamic loading of agents will be disallowed by default in a future release
]]></system-err>
  </testcase>
</testsuite>